2019-04-14 20:37:05,275 INFO    : Checking data path!
2019-04-14 20:37:05,275 INFO    : Current path is:H:\SRT\GUI\Python-master\tkinter-pack Demo
2019-04-14 20:37:05,276 INFO    : Positive data path is:H:\SRT\GUI\Python-master\tkinter-pack Demo\hog_svm_data\posdata1
2019-04-14 20:37:05,279 INFO    : Positive samples number:800
2019-04-14 20:37:05,280 INFO    : Negative data path is:H:\SRT\GUI\Python-master\tkinter-pack Demo\hog_svm_data\Negative
2019-04-14 20:37:05,283 INFO    : Negative samples number:902
2019-04-14 20:37:05,284 INFO    : Test data path is:H:\SRT\GUI\Python-master\tkinter-pack Demo\hog_svm_data\TestData
2019-04-14 20:37:05,284 INFO    : Test samples number:1
2019-04-14 20:37:05,389 INFO    : Extracting HOG Descriptors...
2019-04-14 20:37:08,099 INFO    : Size of feature vectors of samples: (1702, 3780)
2019-04-14 20:37:08,099 INFO    : Size of labels of samples: (1702, 1)
2019-04-14 20:37:08,099 INFO    : Configuring SVM classifier.
2019-04-14 20:37:08,099 INFO    : Starting training svm.
2019-04-14 20:37:12,306 INFO    : Training done.
2019-04-14 20:37:51,858 INFO    : Checking data path!
2019-04-14 20:37:51,861 INFO    : Current path is:H:\SRT\GUI\Python-master\tkinter-pack Demo
2019-04-14 20:37:51,861 INFO    : Positive data path is:H:\SRT\GUI\Python-master\tkinter-pack Demo\hog_svm_data\posdata1
2019-04-14 20:37:51,863 INFO    : Positive samples number:800
2019-04-14 20:37:51,863 INFO    : Negative data path is:H:\SRT\GUI\Python-master\tkinter-pack Demo\hog_svm_data\Negative
2019-04-14 20:37:51,864 INFO    : Negative samples number:902
2019-04-14 20:37:51,864 INFO    : Test data path is:H:\SRT\GUI\Python-master\tkinter-pack Demo\hog_svm_data\TestData
2019-04-14 20:37:51,864 INFO    : Test samples number:1
2019-04-14 20:37:51,952 INFO    : Extracting HOG Descriptors...
2019-04-14 20:37:54,698 INFO    : Size of feature vectors of samples: (1702, 3780)
2019-04-14 20:37:54,698 INFO    : Size of labels of samples: (1702, 1)
2019-04-14 20:37:54,698 INFO    : Configuring SVM classifier.
2019-04-14 20:37:54,698 INFO    : Starting training svm.
2019-04-14 20:37:59,151 INFO    : Training done.
2019-04-14 20:39:40,707 INFO    : Checking data path!
2019-04-14 20:39:40,942 INFO    : Current path is:H:\SRT\GUI\Python-master\tkinter-pack Demo
2019-04-14 20:39:40,942 INFO    : Positive data path is:H:\SRT\GUI\Python-master\tkinter-pack Demo\hog_svm_data\posdata1
2019-04-14 20:39:40,946 INFO    : Positive samples number:800
2019-04-14 20:39:40,946 INFO    : Negative data path is:H:\SRT\GUI\Python-master\tkinter-pack Demo\hog_svm_data\Negative
2019-04-14 20:39:40,948 INFO    : Negative samples number:902
2019-04-14 20:39:40,948 INFO    : Test data path is:H:\SRT\GUI\Python-master\tkinter-pack Demo\hog_svm_data\TestData
2019-04-14 20:39:40,948 INFO    : Test samples number:1
2019-04-14 20:39:41,034 INFO    : Extracting HOG Descriptors...
2019-04-14 20:39:43,676 INFO    : Size of feature vectors of samples: (1702, 3780)
2019-04-14 20:39:43,676 INFO    : Size of labels of samples: (1702, 1)
2019-04-14 20:39:43,676 INFO    : Configuring SVM classifier.
2019-04-14 20:39:43,676 INFO    : Starting training svm.
2019-04-14 20:39:48,046 INFO    : Training done.
2019-04-14 20:40:00,339 INFO    : Checking data path!
2019-04-14 20:40:00,339 INFO    : Checking data path!
2019-04-14 20:40:00,340 INFO    : Current path is:H:\SRT\GUI\Python-master\tkinter-pack Demo
2019-04-14 20:40:00,340 INFO    : Current path is:H:\SRT\GUI\Python-master\tkinter-pack Demo
2019-04-14 20:40:00,340 INFO    : Positive data path is:H:\SRT\GUI\Python-master\tkinter-pack Demo\hog_svm_data\posdata1
2019-04-14 20:40:00,340 INFO    : Positive data path is:H:\SRT\GUI\Python-master\tkinter-pack Demo\hog_svm_data\posdata1
2019-04-14 20:40:00,341 INFO    : Positive samples number:800
2019-04-14 20:40:00,341 INFO    : Positive samples number:800
2019-04-14 20:40:00,342 INFO    : Negative data path is:H:\SRT\GUI\Python-master\tkinter-pack Demo\hog_svm_data\Negative
2019-04-14 20:40:00,342 INFO    : Negative data path is:H:\SRT\GUI\Python-master\tkinter-pack Demo\hog_svm_data\Negative
2019-04-14 20:40:00,343 INFO    : Negative samples number:902
2019-04-14 20:40:00,343 INFO    : Negative samples number:902
2019-04-14 20:40:00,343 INFO    : Test data path is:H:\SRT\GUI\Python-master\tkinter-pack Demo\hog_svm_data\TestData
2019-04-14 20:40:00,343 INFO    : Test data path is:H:\SRT\GUI\Python-master\tkinter-pack Demo\hog_svm_data\TestData
2019-04-14 20:40:00,344 INFO    : Test samples number:1
2019-04-14 20:40:00,344 INFO    : Test samples number:1
2019-04-14 20:40:00,430 INFO    : Extracting HOG Descriptors...
2019-04-14 20:40:00,430 INFO    : Extracting HOG Descriptors...
2019-04-14 20:40:03,052 INFO    : Size of feature vectors of samples: (1702, 3780)
2019-04-14 20:40:03,052 INFO    : Size of feature vectors of samples: (1702, 3780)
2019-04-14 20:40:03,052 INFO    : Size of labels of samples: (1702, 1)
2019-04-14 20:40:03,052 INFO    : Size of labels of samples: (1702, 1)
2019-04-14 20:40:03,052 INFO    : Configuring SVM classifier.
2019-04-14 20:40:03,052 INFO    : Configuring SVM classifier.
2019-04-14 20:40:03,052 INFO    : Starting training svm.
2019-04-14 20:40:03,052 INFO    : Starting training svm.
2019-04-14 20:40:07,625 INFO    : Training done.
2019-04-14 20:40:07,625 INFO    : Training done.
2019-04-14 20:40:57,748 INFO    : Checking data path!
2019-04-14 20:40:57,748 INFO    : Checking data path!
2019-04-14 20:40:57,748 INFO    : Checking data path!
2019-04-14 20:40:57,748 INFO    : Current path is:H:\SRT\GUI\Python-master\tkinter-pack Demo
2019-04-14 20:40:57,748 INFO    : Current path is:H:\SRT\GUI\Python-master\tkinter-pack Demo
2019-04-14 20:40:57,748 INFO    : Current path is:H:\SRT\GUI\Python-master\tkinter-pack Demo
2019-04-14 20:40:57,748 INFO    : Positive data path is:H:\SRT\GUI\Python-master\tkinter-pack Demo\hog_svm_data\posdata1
2019-04-14 20:40:57,748 INFO    : Positive data path is:H:\SRT\GUI\Python-master\tkinter-pack Demo\hog_svm_data\posdata1
2019-04-14 20:40:57,748 INFO    : Positive data path is:H:\SRT\GUI\Python-master\tkinter-pack Demo\hog_svm_data\posdata1
2019-04-14 20:40:57,749 INFO    : Positive samples number:800
2019-04-14 20:40:57,749 INFO    : Positive samples number:800
2019-04-14 20:40:57,749 INFO    : Positive samples number:800
2019-04-14 20:40:57,749 INFO    : Negative data path is:H:\SRT\GUI\Python-master\tkinter-pack Demo\hog_svm_data\Negative
2019-04-14 20:40:57,749 INFO    : Negative data path is:H:\SRT\GUI\Python-master\tkinter-pack Demo\hog_svm_data\Negative
2019-04-14 20:40:57,749 INFO    : Negative data path is:H:\SRT\GUI\Python-master\tkinter-pack Demo\hog_svm_data\Negative
2019-04-14 20:40:57,751 INFO    : Negative samples number:902
2019-04-14 20:40:57,751 INFO    : Negative samples number:902
2019-04-14 20:40:57,751 INFO    : Negative samples number:902
2019-04-14 20:40:57,751 INFO    : Test data path is:H:\SRT\GUI\Python-master\tkinter-pack Demo\hog_svm_data\TestData
2019-04-14 20:40:57,751 INFO    : Test data path is:H:\SRT\GUI\Python-master\tkinter-pack Demo\hog_svm_data\TestData
2019-04-14 20:40:57,751 INFO    : Test data path is:H:\SRT\GUI\Python-master\tkinter-pack Demo\hog_svm_data\TestData
2019-04-14 20:40:57,751 INFO    : Test samples number:1
2019-04-14 20:40:57,751 INFO    : Test samples number:1
2019-04-14 20:40:57,751 INFO    : Test samples number:1
2019-04-14 20:40:57,836 INFO    : Extracting HOG Descriptors...
2019-04-14 20:40:57,836 INFO    : Extracting HOG Descriptors...
2019-04-14 20:40:57,836 INFO    : Extracting HOG Descriptors...
2019-04-14 20:41:00,496 INFO    : Size of feature vectors of samples: (1702, 3780)
2019-04-14 20:41:00,496 INFO    : Size of feature vectors of samples: (1702, 3780)
2019-04-14 20:41:00,496 INFO    : Size of feature vectors of samples: (1702, 3780)
2019-04-14 20:41:00,496 INFO    : Size of labels of samples: (1702, 1)
2019-04-14 20:41:00,496 INFO    : Size of labels of samples: (1702, 1)
2019-04-14 20:41:00,496 INFO    : Size of labels of samples: (1702, 1)
2019-04-14 20:41:00,496 INFO    : Configuring SVM classifier.
2019-04-14 20:41:00,496 INFO    : Configuring SVM classifier.
2019-04-14 20:41:00,496 INFO    : Configuring SVM classifier.
2019-04-14 20:41:00,496 INFO    : Starting training svm.
2019-04-14 20:41:00,496 INFO    : Starting training svm.
2019-04-14 20:41:00,496 INFO    : Starting training svm.
2019-04-14 20:41:05,110 INFO    : Training done.
2019-04-14 20:41:05,110 INFO    : Training done.
2019-04-14 20:41:05,110 INFO    : Training done.
2019-04-14 20:41:50,821 INFO    : Checking data path!
2019-04-14 20:41:50,821 INFO    : Checking data path!
2019-04-14 20:41:50,821 INFO    : Checking data path!
2019-04-14 20:41:50,821 INFO    : Checking data path!
2019-04-14 20:41:50,824 INFO    : Current path is:H:\SRT\GUI\Python-master\tkinter-pack Demo
2019-04-14 20:41:50,824 INFO    : Current path is:H:\SRT\GUI\Python-master\tkinter-pack Demo
2019-04-14 20:41:50,824 INFO    : Current path is:H:\SRT\GUI\Python-master\tkinter-pack Demo
2019-04-14 20:41:50,824 INFO    : Current path is:H:\SRT\GUI\Python-master\tkinter-pack Demo
2019-04-14 20:41:50,824 INFO    : Positive data path is:H:\SRT\GUI\Python-master\tkinter-pack Demo\hog_svm_data\posdata1
2019-04-14 20:41:50,824 INFO    : Positive data path is:H:\SRT\GUI\Python-master\tkinter-pack Demo\hog_svm_data\posdata1
2019-04-14 20:41:50,824 INFO    : Positive data path is:H:\SRT\GUI\Python-master\tkinter-pack Demo\hog_svm_data\posdata1
2019-04-14 20:41:50,824 INFO    : Positive data path is:H:\SRT\GUI\Python-master\tkinter-pack Demo\hog_svm_data\posdata1
2019-04-14 20:41:50,826 INFO    : Positive samples number:800
2019-04-14 20:41:50,826 INFO    : Positive samples number:800
2019-04-14 20:41:50,826 INFO    : Positive samples number:800
2019-04-14 20:41:50,826 INFO    : Positive samples number:800
2019-04-14 20:41:50,826 INFO    : Negative data path is:H:\SRT\GUI\Python-master\tkinter-pack Demo\hog_svm_data\Negative
2019-04-14 20:41:50,826 INFO    : Negative data path is:H:\SRT\GUI\Python-master\tkinter-pack Demo\hog_svm_data\Negative
2019-04-14 20:41:50,826 INFO    : Negative data path is:H:\SRT\GUI\Python-master\tkinter-pack Demo\hog_svm_data\Negative
2019-04-14 20:41:50,826 INFO    : Negative data path is:H:\SRT\GUI\Python-master\tkinter-pack Demo\hog_svm_data\Negative
2019-04-14 20:41:50,828 INFO    : Negative samples number:902
2019-04-14 20:41:50,828 INFO    : Negative samples number:902
2019-04-14 20:41:50,828 INFO    : Negative samples number:902
2019-04-14 20:41:50,828 INFO    : Negative samples number:902
2019-04-14 20:41:50,828 INFO    : Test data path is:H:\SRT\GUI\Python-master\tkinter-pack Demo\hog_svm_data\TestData
2019-04-14 20:41:50,828 INFO    : Test data path is:H:\SRT\GUI\Python-master\tkinter-pack Demo\hog_svm_data\TestData
2019-04-14 20:41:50,828 INFO    : Test data path is:H:\SRT\GUI\Python-master\tkinter-pack Demo\hog_svm_data\TestData
2019-04-14 20:41:50,828 INFO    : Test data path is:H:\SRT\GUI\Python-master\tkinter-pack Demo\hog_svm_data\TestData
2019-04-14 20:41:50,828 INFO    : Test samples number:1
2019-04-14 20:41:50,828 INFO    : Test samples number:1
2019-04-14 20:41:50,828 INFO    : Test samples number:1
2019-04-14 20:41:50,828 INFO    : Test samples number:1
2019-04-14 20:41:50,915 INFO    : Extracting HOG Descriptors...
2019-04-14 20:41:50,915 INFO    : Extracting HOG Descriptors...
2019-04-14 20:41:50,915 INFO    : Extracting HOG Descriptors...
2019-04-14 20:41:50,915 INFO    : Extracting HOG Descriptors...
2019-04-14 20:41:53,704 INFO    : Size of feature vectors of samples: (1702, 3780)
2019-04-14 20:41:53,704 INFO    : Size of feature vectors of samples: (1702, 3780)
2019-04-14 20:41:53,704 INFO    : Size of feature vectors of samples: (1702, 3780)
2019-04-14 20:41:53,704 INFO    : Size of feature vectors of samples: (1702, 3780)
2019-04-14 20:41:53,704 INFO    : Size of labels of samples: (1702, 1)
2019-04-14 20:41:53,704 INFO    : Size of labels of samples: (1702, 1)
2019-04-14 20:41:53,704 INFO    : Size of labels of samples: (1702, 1)
2019-04-14 20:41:53,704 INFO    : Size of labels of samples: (1702, 1)
2019-04-14 20:41:53,704 INFO    : Configuring SVM classifier.
2019-04-14 20:41:53,704 INFO    : Configuring SVM classifier.
2019-04-14 20:41:53,704 INFO    : Configuring SVM classifier.
2019-04-14 20:41:53,704 INFO    : Configuring SVM classifier.
2019-04-14 20:41:53,705 INFO    : Starting training svm.
2019-04-14 20:41:53,705 INFO    : Starting training svm.
2019-04-14 20:41:53,705 INFO    : Starting training svm.
2019-04-14 20:41:53,705 INFO    : Starting training svm.
2019-04-14 20:41:58,185 INFO    : Training done.
2019-04-14 20:41:58,185 INFO    : Training done.
2019-04-14 20:41:58,185 INFO    : Training done.
2019-04-14 20:41:58,185 INFO    : Training done.
2019-04-14 20:43:19,574 INFO    : Trained SVM classifier is saved as: hog_svm_data/xml/svm.xml
2019-04-14 20:43:19,574 INFO    : Trained SVM classifier is saved as: hog_svm_data/xml/svm.xml
2019-04-14 20:43:19,574 INFO    : Trained SVM classifier is saved as: hog_svm_data/xml/svm.xml
2019-04-14 20:43:19,574 INFO    : Trained SVM classifier is saved as: hog_svm_data/xml/svm.xml
2019-04-14 20:45:11,757 INFO    : Checking data path!
2019-04-14 20:45:11,757 INFO    : Checking data path!
2019-04-14 20:45:11,757 INFO    : Checking data path!
2019-04-14 20:45:11,757 INFO    : Checking data path!
2019-04-14 20:45:11,757 INFO    : Checking data path!
2019-04-14 20:45:12,630 INFO    : Current path is:H:\SRT\GUI\Python-master\tkinter-pack Demo
2019-04-14 20:45:12,630 INFO    : Current path is:H:\SRT\GUI\Python-master\tkinter-pack Demo
2019-04-14 20:45:12,630 INFO    : Current path is:H:\SRT\GUI\Python-master\tkinter-pack Demo
2019-04-14 20:45:12,630 INFO    : Current path is:H:\SRT\GUI\Python-master\tkinter-pack Demo
2019-04-14 20:45:12,630 INFO    : Current path is:H:\SRT\GUI\Python-master\tkinter-pack Demo
2019-04-14 20:45:12,630 INFO    : Positive data path is:H:\SRT\GUI\Python-master\tkinter-pack Demo\hog_svm_data\posdata1
2019-04-14 20:45:12,630 INFO    : Positive data path is:H:\SRT\GUI\Python-master\tkinter-pack Demo\hog_svm_data\posdata1
2019-04-14 20:45:12,630 INFO    : Positive data path is:H:\SRT\GUI\Python-master\tkinter-pack Demo\hog_svm_data\posdata1
2019-04-14 20:45:12,630 INFO    : Positive data path is:H:\SRT\GUI\Python-master\tkinter-pack Demo\hog_svm_data\posdata1
2019-04-14 20:45:12,630 INFO    : Positive data path is:H:\SRT\GUI\Python-master\tkinter-pack Demo\hog_svm_data\posdata1
2019-04-14 20:45:12,632 INFO    : Positive samples number:800
2019-04-14 20:45:12,632 INFO    : Positive samples number:800
2019-04-14 20:45:12,632 INFO    : Positive samples number:800
2019-04-14 20:45:12,632 INFO    : Positive samples number:800
2019-04-14 20:45:12,632 INFO    : Positive samples number:800
2019-04-14 20:45:12,632 INFO    : Negative data path is:H:\SRT\GUI\Python-master\tkinter-pack Demo\hog_svm_data\Negative
2019-04-14 20:45:12,632 INFO    : Negative data path is:H:\SRT\GUI\Python-master\tkinter-pack Demo\hog_svm_data\Negative
2019-04-14 20:45:12,632 INFO    : Negative data path is:H:\SRT\GUI\Python-master\tkinter-pack Demo\hog_svm_data\Negative
2019-04-14 20:45:12,632 INFO    : Negative data path is:H:\SRT\GUI\Python-master\tkinter-pack Demo\hog_svm_data\Negative
2019-04-14 20:45:12,632 INFO    : Negative data path is:H:\SRT\GUI\Python-master\tkinter-pack Demo\hog_svm_data\Negative
2019-04-14 20:45:12,633 INFO    : Negative samples number:902
2019-04-14 20:45:12,633 INFO    : Negative samples number:902
2019-04-14 20:45:12,633 INFO    : Negative samples number:902
2019-04-14 20:45:12,633 INFO    : Negative samples number:902
2019-04-14 20:45:12,633 INFO    : Negative samples number:902
2019-04-14 20:45:12,634 INFO    : Test data path is:H:\SRT\GUI\Python-master\tkinter-pack Demo\hog_svm_data\TestData
2019-04-14 20:45:12,634 INFO    : Test data path is:H:\SRT\GUI\Python-master\tkinter-pack Demo\hog_svm_data\TestData
2019-04-14 20:45:12,634 INFO    : Test data path is:H:\SRT\GUI\Python-master\tkinter-pack Demo\hog_svm_data\TestData
2019-04-14 20:45:12,634 INFO    : Test data path is:H:\SRT\GUI\Python-master\tkinter-pack Demo\hog_svm_data\TestData
2019-04-14 20:45:12,634 INFO    : Test data path is:H:\SRT\GUI\Python-master\tkinter-pack Demo\hog_svm_data\TestData
2019-04-14 20:45:12,634 INFO    : Test samples number:1
2019-04-14 20:45:12,634 INFO    : Test samples number:1
2019-04-14 20:45:12,634 INFO    : Test samples number:1
2019-04-14 20:45:12,634 INFO    : Test samples number:1
2019-04-14 20:45:12,634 INFO    : Test samples number:1
2019-04-14 20:45:12,719 INFO    : Extracting HOG Descriptors...
2019-04-14 20:45:12,719 INFO    : Extracting HOG Descriptors...
2019-04-14 20:45:12,719 INFO    : Extracting HOG Descriptors...
2019-04-14 20:45:12,719 INFO    : Extracting HOG Descriptors...
2019-04-14 20:45:12,719 INFO    : Extracting HOG Descriptors...
2019-04-14 20:45:15,446 INFO    : Size of feature vectors of samples: (1702, 3780)
2019-04-14 20:45:15,446 INFO    : Size of feature vectors of samples: (1702, 3780)
2019-04-14 20:45:15,446 INFO    : Size of feature vectors of samples: (1702, 3780)
2019-04-14 20:45:15,446 INFO    : Size of feature vectors of samples: (1702, 3780)
2019-04-14 20:45:15,446 INFO    : Size of feature vectors of samples: (1702, 3780)
2019-04-14 20:45:15,446 INFO    : Size of labels of samples: (1702, 1)
2019-04-14 20:45:15,446 INFO    : Size of labels of samples: (1702, 1)
2019-04-14 20:45:15,446 INFO    : Size of labels of samples: (1702, 1)
2019-04-14 20:45:15,446 INFO    : Size of labels of samples: (1702, 1)
2019-04-14 20:45:15,446 INFO    : Size of labels of samples: (1702, 1)
2019-04-14 20:45:15,447 INFO    : Configuring SVM classifier.
2019-04-14 20:45:15,447 INFO    : Configuring SVM classifier.
2019-04-14 20:45:15,447 INFO    : Configuring SVM classifier.
2019-04-14 20:45:15,447 INFO    : Configuring SVM classifier.
2019-04-14 20:45:15,447 INFO    : Configuring SVM classifier.
2019-04-14 20:45:15,447 INFO    : Starting training svm.
2019-04-14 20:45:15,447 INFO    : Starting training svm.
2019-04-14 20:45:15,447 INFO    : Starting training svm.
2019-04-14 20:45:15,447 INFO    : Starting training svm.
2019-04-14 20:45:15,447 INFO    : Starting training svm.
2019-04-14 20:45:19,927 INFO    : Training done.
2019-04-14 20:45:19,927 INFO    : Training done.
2019-04-14 20:45:19,927 INFO    : Training done.
2019-04-14 20:45:19,927 INFO    : Training done.
2019-04-14 20:45:19,927 INFO    : Training done.
2019-04-14 20:46:41,089 INFO    : Trained SVM classifier is saved as: hog_svm_data/xml/svm.xml
2019-04-14 20:46:41,089 INFO    : Trained SVM classifier is saved as: hog_svm_data/xml/svm.xml
2019-04-14 20:46:41,089 INFO    : Trained SVM classifier is saved as: hog_svm_data/xml/svm.xml
2019-04-14 20:46:41,089 INFO    : Trained SVM classifier is saved as: hog_svm_data/xml/svm.xml
2019-04-14 20:46:41,089 INFO    : Trained SVM classifier is saved as: hog_svm_data/xml/svm.xml
